0 info it worked if it ends with ok
1 verbose cli [ 'C:\\Program Files\\nodejs\\node.exe',
1 verbose cli   'C:\\Program Files\\nodejs\\node_modules\\npm\\bin\\npm-cli.js',
1 verbose cli   'start' ]
2 info using npm@3.9.5
3 info using node@v6.2.2
4 verbose run-script [ 'prestart', 'start', 'poststart' ]
5 info lifecycle note-back@1.0.0~prestart: note-back@1.0.0
6 silly lifecycle note-back@1.0.0~prestart: no script for prestart, continuing
7 info lifecycle note-back@1.0.0~start: note-back@1.0.0
8 verbose lifecycle note-back@1.0.0~start: unsafe-perm in lifecycle true
9 verbose lifecycle note-back@1.0.0~start: PATH: C:\Program Files\nodejs\node_modules\npm\bin\node-gyp-bin;E:\github\note-back\APP\node_modules\.bin;C:\Program Files\nodejs;c:\app\zhangxu\product\11.2.0\client_1\bin;C:\Program Files (x86)\Common Files\NetSarang;C:\ProgramData\Oracle\Java\javapath;C:\Windows\system32;C:\Windows;C:\Windows\System32\Wbem;C:\Windows\System32\WindowsPowerShell\v1.0\;C:\Program Files\nodejs\;C:\Program Files (x86)\sbt\\bin;C:\Program Files\TortoiseSVN\bin;C:\Program Files (x86)\scala\bin;C:\Program Files\Git\cmd;C:\ProgramData\chocolatey\bin;C:\Program Files (x86)\Windows Kits\8.1\Windows Performance Toolkit\;C:\Program Files (x86)\Microsoft VS Code\bin;C:\Users\zhangxu\AppData\Roaming\npm;C:\Program Files (x86)\sbt\bin;C:\Program Files\Java\jdk1.8.0_102\bin;C:\Program Files\gradle-2.14\bin;C:\Program Files (x86)\scala\bin;C:\Program Files\Git\bin;C:\Users\zhangxu\AppData\Local\Programs\Python\Python35
10 verbose lifecycle note-back@1.0.0~start: CWD: E:\github\note-back\APP
11 silly lifecycle note-back@1.0.0~start: Args: [ '/d /s /c',
11 silly lifecycle   'tsc && concurrently "npm run tsc:w" "npm run lite" ' ]
12 silly lifecycle note-back@1.0.0~start: Returned: code: 2  signal: null
13 info lifecycle note-back@1.0.0~start: Failed to exec start script
14 verbose stack Error: note-back@1.0.0 start: `tsc && concurrently "npm run tsc:w" "npm run lite" `
14 verbose stack Exit status 2
14 verbose stack     at EventEmitter.<anonymous> (C:\Program Files\nodejs\node_modules\npm\lib\utils\lifecycle.js:245:16)
14 verbose stack     at emitTwo (events.js:106:13)
14 verbose stack     at EventEmitter.emit (events.js:191:7)
14 verbose stack     at ChildProcess.<anonymous> (C:\Program Files\nodejs\node_modules\npm\lib\utils\spawn.js:24:14)
14 verbose stack     at emitTwo (events.js:106:13)
14 verbose stack     at ChildProcess.emit (events.js:191:7)
14 verbose stack     at maybeClose (internal/child_process.js:852:16)
14 verbose stack     at Process.ChildProcess._handle.onexit (internal/child_process.js:215:5)
15 verbose pkgid note-back@1.0.0
16 verbose cwd E:\github\note-back\APP
17 error Windows_NT 10.0.10586
18 error argv "C:\\Program Files\\nodejs\\node.exe" "C:\\Program Files\\nodejs\\node_modules\\npm\\bin\\npm-cli.js" "start"
19 error node v6.2.2
20 error npm  v3.9.5
21 error code ELIFECYCLE
22 error note-back@1.0.0 start: `tsc && concurrently "npm run tsc:w" "npm run lite" `
22 error Exit status 2
23 error Failed at the note-back@1.0.0 start script 'tsc && concurrently "npm run tsc:w" "npm run lite" '.
23 error Make sure you have the latest version of node.js and npm installed.
23 error If you do, this is most likely a problem with the note-back package,
23 error not with npm itself.
23 error Tell the author that this fails on your system:
23 error     tsc && concurrently "npm run tsc:w" "npm run lite"
23 error You can get information on how to open an issue for this project with:
23 error     npm bugs note-back
23 error Or if that isn't available, you can get their info via:
23 error     npm owner ls note-back
23 error There is likely additional logging output above.
24 verbose exit [ 1, true ]
